<?xml version="1.0" encoding="UTF-8"?>
<!-- Generated by org.testng.reporters.JUnitXMLReporter -->
<testsuite hostname="SriramManda-PC" ignored="0" name="Test" tests="6" failures="0" timestamp="2020-03-25T08:48:07 IST" time="0.25" errors="0">
  <testcase name="testCase1" time="0.032" classname="cts.testng.practise.parallel"/>
  <testcase name="testCase2" time="0.003" classname="cts.testng.practise.parallei1"/>
  <testcase name="testCase3" time="0.036" classname="cts.testng.practise.parallel"/>
  <testcase name="testCase1" time="0.031" classname="cts.testng.practise.parallei1"/>
  <testcase name="testCase2" time="0.032" classname="cts.testng.practise.parallel"/>
  <testcase name="testCase3" time="0.025" classname="cts.testng.practise.parallei1"/>
</testsuite> <!-- Test -->
