<?xml version="1.0" encoding="UTF-8"?>
<testng-results skipped="0" failed="0" ignored="0" total="1" passed="1">
  <reporter-output>
  </reporter-output>
  <suite name="Default suite" duration-ms="15868" started-at="2020-03-28T17:03:46 IST" finished-at="2020-03-28T17:04:02 IST">
    <groups>
    </groups>
    <test name="Default test" duration-ms="15868" started-at="2020-03-28T17:03:46 IST" finished-at="2020-03-28T17:04:02 IST">
      <class name="cts.miniproject.test.VerifyWordpressLoginPageFactory">
        <test-method status="PASS" signature="checkValidUser()[pri:0, instance:cts.miniproject.test.VerifyWordpressLoginPageFactory@167fdd33]" name="checkValidUser" duration-ms="15736" started-at="2020-03-28T17:03:46 IST" finished-at="2020-03-28T17:04:02 IST">
          <reporter-output>
          </reporter-output>
        </test-method> <!-- checkValidUser -->
      </class> <!-- cts.miniproject.test.VerifyWordpressLoginPageFactory -->
    </test> <!-- Default test -->
  </suite> <!-- Default suite -->
</testng-results>
